[ 2013-07-28T19:51:46+08:00 ] 127.0.0.1 /ch-next-door/admin.php
INFO: [ app_begin ] --START--
INFO: ReadHtmlCache Behavior ::run [ RunTime:0.001011s ]
INFO: [ app_begin ] --END-- [ RunTime:0.001188s ]
INFO: [ view_parse ] --START--
INFO: ParseTemplate Behavior ::run [ RunTime:0.054020s ]
INFO: [ view_parse ] --END-- [ RunTime:0.054300s ]
INFO: [ view_filter ] --START--
NOTIC: [8] Use of undefined constant APP_TMPL_PATH - assumed 'APP_TMPL_PATH' D:\wamp\www\ch-next-door\ThinkPHP\Lib\Behavior\ContentReplaceBehavior.class.php 第 40 行.
NOTIC: [8] Use of undefined constant APP_TMPL_PATH - assumed 'APP_TMPL_PATH' D:\wamp\www\ch-next-door\ThinkPHP\Lib\Behavior\ContentReplaceBehavior.class.php 第 47 行.
INFO: ContentReplace Behavior ::run [ RunTime:0.001465s ]
INFO: TokenBuild Behavior ::run [ RunTime:0.000733s ]
INFO: WriteHtmlCache Behavior ::run [ RunTime:0.000480s ]
INFO: ShowRuntime Behavior ::run [ RunTime:0.000823s ]
INFO: [ view_filter ] --END-- [ RunTime:0.003885s ]
INFO: [ view_end ] --START--
INFO: ShowPageTrace Behavior ::run [ RunTime:0.001043s ]
INFO: [ view_end ] --END-- [ RunTime:0.001181s ]

[ 2013-07-28T20:05:57+08:00 ] 127.0.0.1 /ch-next-door/admin.php
INFO: [ app_begin ] --START--
INFO: ReadHtmlCache Behavior ::run [ RunTime:0.003089s ]
INFO: [ app_begin ] --END-- [ RunTime:0.003268s ]
INFO: [ view_parse ] --START--
INFO: ParseTemplate Behavior ::run [ RunTime:0.006065s ]
INFO: [ view_parse ] --END-- [ RunTime:0.006265s ]
INFO: [ view_filter ] --START--
NOTIC: [8] Use of undefined constant APP_TMPL_PATH - assumed 'APP_TMPL_PATH' D:\wamp\www\ch-next-door\ThinkPHP\Lib\Behavior\ContentReplaceBehavior.class.php 第 40 行.
NOTIC: [8] Use of undefined constant APP_TMPL_PATH - assumed 'APP_TMPL_PATH' D:\wamp\www\ch-next-door\ThinkPHP\Lib\Behavior\ContentReplaceBehavior.class.php 第 47 行.
INFO: ContentReplace Behavior ::run [ RunTime:0.003099s ]
INFO: TokenBuild Behavior ::run [ RunTime:0.004953s ]
INFO: WriteHtmlCache Behavior ::run [ RunTime:0.002500s ]
INFO: ShowRuntime Behavior ::run [ RunTime:0.002871s ]
INFO: [ view_filter ] --END-- [ RunTime:0.013835s ]
INFO: [ view_end ] --START--
INFO: ShowPageTrace Behavior ::run [ RunTime:0.005447s ]
INFO: [ view_end ] --END-- [ RunTime:0.005644s ]

[ 2013-07-28T20:05:58+08:00 ] 127.0.0.1 /ch-next-door/admin.php
INFO: [ app_begin ] --START--
INFO: ReadHtmlCache Behavior ::run [ RunTime:0.000994s ]
INFO: [ app_begin ] --END-- [ RunTime:0.001302s ]
INFO: [ view_parse ] --START--
INFO: ParseTemplate Behavior ::run [ RunTime:0.001761s ]
INFO: [ view_parse ] --END-- [ RunTime:0.001923s ]
INFO: [ view_filter ] --START--
NOTIC: [8] Use of undefined constant APP_TMPL_PATH - assumed 'APP_TMPL_PATH' D:\wamp\www\ch-next-door\ThinkPHP\Lib\Behavior\ContentReplaceBehavior.class.php 第 40 行.
NOTIC: [8] Use of undefined constant APP_TMPL_PATH - assumed 'APP_TMPL_PATH' D:\wamp\www\ch-next-door\ThinkPHP\Lib\Behavior\ContentReplaceBehavior.class.php 第 47 行.
INFO: ContentReplace Behavior ::run [ RunTime:0.000922s ]
INFO: TokenBuild Behavior ::run [ RunTime:0.000690s ]
INFO: WriteHtmlCache Behavior ::run [ RunTime:0.000705s ]
INFO: ShowRuntime Behavior ::run [ RunTime:0.000854s ]
INFO: [ view_filter ] --END-- [ RunTime:0.003548s ]
INFO: [ view_end ] --START--
INFO: ShowPageTrace Behavior ::run [ RunTime:0.001168s ]
INFO: [ view_end ] --END-- [ RunTime:0.001306s ]

[ 2013-07-28T20:06:00+08:00 ] 127.0.0.1 /ch-next-door/admin.php
INFO: [ app_begin ] --START--
INFO: ReadHtmlCache Behavior ::run [ RunTime:0.001068s ]
INFO: [ app_begin ] --END-- [ RunTime:0.001238s ]
INFO: [ view_parse ] --START--
INFO: ParseTemplate Behavior ::run [ RunTime:0.001701s ]
INFO: [ view_parse ] --END-- [ RunTime:0.001860s ]
INFO: [ view_filter ] --START--
NOTIC: [8] Use of undefined constant APP_TMPL_PATH - assumed 'APP_TMPL_PATH' D:\wamp\www\ch-next-door\ThinkPHP\Lib\Behavior\ContentReplaceBehavior.class.php 第 40 行.
NOTIC: [8] Use of undefined constant APP_TMPL_PATH - assumed 'APP_TMPL_PATH' D:\wamp\www\ch-next-door\ThinkPHP\Lib\Behavior\ContentReplaceBehavior.class.php 第 47 行.
INFO: ContentReplace Behavior ::run [ RunTime:0.000819s ]
INFO: TokenBuild Behavior ::run [ RunTime:0.000716s ]
INFO: WriteHtmlCache Behavior ::run [ RunTime:0.000487s ]
INFO: ShowRuntime Behavior ::run [ RunTime:0.000935s ]
INFO: [ view_filter ] --END-- [ RunTime:0.003317s ]
INFO: [ view_end ] --START--
INFO: ShowPageTrace Behavior ::run [ RunTime:0.001264s ]
INFO: [ view_end ] --END-- [ RunTime:0.001401s ]

[ 2013-07-28T20:07:41+08:00 ] 127.0.0.1 /ch-next-door/admin.php
INFO: [ app_begin ] --START--
INFO: ReadHtmlCache Behavior ::run [ RunTime:0.001153s ]
INFO: [ app_begin ] --END-- [ RunTime:0.001323s ]
INFO: [ view_parse ] --START--
INFO: ParseTemplate Behavior ::run [ RunTime:0.001710s ]
INFO: [ view_parse ] --END-- [ RunTime:0.001904s ]
INFO: [ view_filter ] --START--
NOTIC: [8] Use of undefined constant APP_TMPL_PATH - assumed 'APP_TMPL_PATH' D:\wamp\www\ch-next-door\ThinkPHP\Lib\Behavior\ContentReplaceBehavior.class.php 第 40 行.
NOTIC: [8] Use of undefined constant APP_TMPL_PATH - assumed 'APP_TMPL_PATH' D:\wamp\www\ch-next-door\ThinkPHP\Lib\Behavior\ContentReplaceBehavior.class.php 第 47 行.
INFO: ContentReplace Behavior ::run [ RunTime:0.000843s ]
INFO: TokenBuild Behavior ::run [ RunTime:0.000883s ]
INFO: WriteHtmlCache Behavior ::run [ RunTime:0.000543s ]
INFO: ShowRuntime Behavior ::run [ RunTime:0.000969s ]
INFO: [ view_filter ] --END-- [ RunTime:0.003629s ]
INFO: [ view_end ] --START--
INFO: ShowPageTrace Behavior ::run [ RunTime:0.001327s ]
INFO: [ view_end ] --END-- [ RunTime:0.001466s ]

[ 2013-07-28T20:07:42+08:00 ] 127.0.0.1 /ch-next-door/admin.php
INFO: [ app_begin ] --START--
INFO: ReadHtmlCache Behavior ::run [ RunTime:0.001035s ]
INFO: [ app_begin ] --END-- [ RunTime:0.001205s ]
INFO: [ view_parse ] --START--
INFO: ParseTemplate Behavior ::run [ RunTime:0.001929s ]
INFO: [ view_parse ] --END-- [ RunTime:0.002093s ]
INFO: [ view_filter ] --START--
NOTIC: [8] Use of undefined constant APP_TMPL_PATH - assumed 'APP_TMPL_PATH' D:\wamp\www\ch-next-door\ThinkPHP\Lib\Behavior\ContentReplaceBehavior.class.php 第 40 行.
NOTIC: [8] Use of undefined constant APP_TMPL_PATH - assumed 'APP_TMPL_PATH' D:\wamp\www\ch-next-door\ThinkPHP\Lib\Behavior\ContentReplaceBehavior.class.php 第 47 行.
INFO: ContentReplace Behavior ::run [ RunTime:0.000898s ]
INFO: TokenBuild Behavior ::run [ RunTime:0.000662s ]
INFO: WriteHtmlCache Behavior ::run [ RunTime:0.000576s ]
INFO: ShowRuntime Behavior ::run [ RunTime:0.000968s ]
INFO: [ view_filter ] --END-- [ RunTime:0.003589s ]
INFO: [ view_end ] --START--
INFO: ShowPageTrace Behavior ::run [ RunTime:0.001070s ]
INFO: [ view_end ] --END-- [ RunTime:0.001210s ]

